<?xml version="1.0" encoding="UTF-8"?>
<!-- Generated by org.testng.reporters.JUnitXMLReporter -->
<testsuite hostname="MSI" name="Test1" tests="4" failures="0" timestamp="19 Feb 2016 16:18:25 GMT" time="28.089" errors="0">
  <testcase name="testLoginAsAdmin" time="5.837" classname="hb.tests.Login"/>
  <testcase name="testFilmAddNegative" time="2.579" classname="hb.tests.Film"/>
  <testcase name="testFilmAddPositive" time="4.054" classname="hb.tests.Film"/>
  <testcase name="testFilmxDelete" time="2.707" classname="hb.tests.Film"/>
</testsuite> <!-- Test1 -->
