<?xml version="1.0" encoding="UTF-8"?>
<testng-results skipped="0" failed="0" total="1" passed="1">
  <reporter-output>
  </reporter-output>
  <suite name="Tests" duration-ms="47105" started-at="2016-02-06T19:19:57Z" finished-at="2016-02-06T19:20:44Z">
    <groups>
    </groups>
    <test name="Test1" duration-ms="47105" started-at="2016-02-06T19:19:57Z" finished-at="2016-02-06T19:20:44Z">
      <class name="hb.tests.Login">
        <test-method status="PASS" signature="init()[pri:0, instance:hb.tests.Login@39ba5a14]" name="init" is-config="true" duration-ms="44034" started-at="2016-02-07T00:19:57Z" finished-at="2016-02-07T00:20:41Z">
          <reporter-output>
          </reporter-output>
        </test-method> <!-- init -->
        <test-method status="PASS" signature="testUntitled()[pri:0, instance:hb.tests.Login@39ba5a14]" name="testUntitled" duration-ms="3043" started-at="2016-02-07T00:20:41Z" finished-at="2016-02-07T00:20:44Z">
          <reporter-output>
          </reporter-output>
        </test-method> <!-- testUntitled -->
        <test-method status="PASS" signature="tearDown()[pri:0, instance:hb.tests.Login@39ba5a14]" name="tearDown" is-config="true" duration-ms="1383" started-at="2016-02-07T00:20:44Z" finished-at="2016-02-07T00:20:46Z">
          <reporter-output>
          </reporter-output>
        </test-method> <!-- tearDown -->
      </class> <!-- hb.tests.Login -->
    </test> <!-- Test1 -->
  </suite> <!-- Tests -->
</testng-results>
