<?xml version="1.0" encoding="UTF-8"?>
<testng-results skipped="0" failed="0" total="4" passed="4">
  <reporter-output>
  </reporter-output>
  <suite name="Tests" duration-ms="38828" started-at="2016-02-19T15:58:26Z" finished-at="2016-02-19T15:59:05Z">
    <groups>
    </groups>
    <test name="Test1" duration-ms="38828" started-at="2016-02-19T15:58:26Z" finished-at="2016-02-19T15:59:05Z">
      <class name="hb.tests.Login">
        <test-method status="PASS" signature="init()[pri:0, instance:hb.tests.Login@511baa65]" name="init" is-config="true" duration-ms="11247" started-at="2016-02-19T20:58:26Z" finished-at="2016-02-19T20:58:37Z">
          <reporter-output>
          </reporter-output>
        </test-method> <!-- init -->
        <test-method status="PASS" signature="testLoginAsAdmin()[pri:0, instance:hb.tests.Login@511baa65]" name="testLoginAsAdmin" duration-ms="18200" started-at="2016-02-19T20:58:37Z" finished-at="2016-02-19T20:58:55Z">
          <reporter-output>
          </reporter-output>
        </test-method> <!-- testLoginAsAdmin -->
        <test-method status="PASS" signature="tearDown()[pri:0, instance:hb.tests.Login@511baa65]" name="tearDown" is-config="true" duration-ms="1336" started-at="2016-02-19T20:59:05Z" finished-at="2016-02-19T20:59:06Z">
          <reporter-output>
          </reporter-output>
        </test-method> <!-- tearDown -->
      </class> <!-- hb.tests.Login -->
      <class name="hb.tests.Film">
        <test-method status="PASS" signature="init()[pri:0, instance:hb.tests.Film@96532d6]" name="init" is-config="true" duration-ms="1035" started-at="2016-02-19T20:58:55Z" finished-at="2016-02-19T20:58:56Z">
          <reporter-output>
          </reporter-output>
        </test-method> <!-- init -->
        <test-method status="PASS" signature="testFilmAddNegative()[pri:0, instance:hb.tests.Film@96532d6]" name="testFilmAddNegative" duration-ms="2507" started-at="2016-02-19T20:58:56Z" finished-at="2016-02-19T20:58:59Z">
          <reporter-output>
          </reporter-output>
        </test-method> <!-- testFilmAddNegative -->
        <test-method status="PASS" signature="testFilmAddPositive()[pri:0, instance:hb.tests.Film@96532d6]" name="testFilmAddPositive" duration-ms="3931" started-at="2016-02-19T20:58:59Z" finished-at="2016-02-19T20:59:03Z">
          <reporter-output>
          </reporter-output>
        </test-method> <!-- testFilmAddPositive -->
        <test-method status="PASS" signature="testFilmxDelete()[pri:0, instance:hb.tests.Film@96532d6]" name="testFilmxDelete" duration-ms="1885" started-at="2016-02-19T20:59:03Z" finished-at="2016-02-19T20:59:05Z">
          <reporter-output>
          </reporter-output>
        </test-method> <!-- testFilmxDelete -->
      </class> <!-- hb.tests.Film -->
    </test> <!-- Test1 -->
  </suite> <!-- Tests -->
</testng-results>
