<?xml version="1.0" encoding="UTF-8"?>
<!-- Generated by org.testng.reporters.JUnitXMLReporter -->
<testsuite hostname="MSI" name="Default test" tests="4" failures="0" timestamp="19 Feb 2016 15:54:06 GMT" time="25.793" errors="0">
  <testcase name="testLoginAsAdmin" time="4.346" classname="hb.tests.Login"/>
  <testcase name="testFilmAddNegative" time="2.672" classname="hb.tests.Film"/>
  <testcase name="testFilmAddPositive" time="4.074" classname="hb.tests.Film"/>
  <testcase name="testFilmxDelete" time="1.894" classname="hb.tests.Film"/>
</testsuite> <!-- Default test -->
