<?xml version="1.0" encoding="UTF-8"?>
<testng-results skipped="0" failed="0" total="4" passed="4">
  <reporter-output>
  </reporter-output>
  <suite name="Tests" duration-ms="28089" started-at="2016-02-19T16:17:57Z" finished-at="2016-02-19T16:18:25Z">
    <groups>
    </groups>
    <test name="Test1" duration-ms="28089" started-at="2016-02-19T16:17:57Z" finished-at="2016-02-19T16:18:25Z">
      <class name="hb.tests.Login">
        <test-method status="PASS" signature="init()[pri:0, instance:hb.tests.Login@56cbfb61]" name="init" is-config="true" duration-ms="11789" started-at="2016-02-19T21:17:57Z" finished-at="2016-02-19T21:18:09Z">
          <reporter-output>
          </reporter-output>
        </test-method> <!-- init -->
        <test-method status="PASS" signature="testLoginAsAdmin()[pri:0, instance:hb.tests.Login@56cbfb61]" name="testLoginAsAdmin" duration-ms="5837" started-at="2016-02-19T21:18:09Z" finished-at="2016-02-19T21:18:15Z">
          <reporter-output>
          </reporter-output>
        </test-method> <!-- testLoginAsAdmin -->
        <test-method status="PASS" signature="tearDown()[pri:0, instance:hb.tests.Login@56cbfb61]" name="tearDown" is-config="true" duration-ms="1056" started-at="2016-02-19T21:18:25Z" finished-at="2016-02-19T21:18:26Z">
          <reporter-output>
          </reporter-output>
        </test-method> <!-- tearDown -->
      </class> <!-- hb.tests.Login -->
      <class name="hb.tests.Film">
        <test-method status="PASS" signature="init()[pri:0, instance:hb.tests.Film@7c30a502]" name="init" is-config="true" duration-ms="1075" started-at="2016-02-19T21:18:15Z" finished-at="2016-02-19T21:18:16Z">
          <reporter-output>
          </reporter-output>
        </test-method> <!-- init -->
        <test-method status="PASS" signature="testFilmAddNegative()[pri:0, instance:hb.tests.Film@7c30a502]" name="testFilmAddNegative" duration-ms="2579" started-at="2016-02-19T21:18:16Z" finished-at="2016-02-19T21:18:19Z">
          <reporter-output>
          </reporter-output>
        </test-method> <!-- testFilmAddNegative -->
        <test-method status="PASS" signature="testFilmAddPositive()[pri:0, instance:hb.tests.Film@7c30a502]" name="testFilmAddPositive" duration-ms="4054" started-at="2016-02-19T21:18:19Z" finished-at="2016-02-19T21:18:23Z">
          <reporter-output>
          </reporter-output>
        </test-method> <!-- testFilmAddPositive -->
        <test-method status="PASS" signature="testFilmxDelete()[pri:0, instance:hb.tests.Film@7c30a502]" name="testFilmxDelete" duration-ms="2707" started-at="2016-02-19T21:18:23Z" finished-at="2016-02-19T21:18:25Z">
          <reporter-output>
          </reporter-output>
        </test-method> <!-- testFilmxDelete -->
      </class> <!-- hb.tests.Film -->
    </test> <!-- Test1 -->
  </suite> <!-- Tests -->
</testng-results>
