<?xml version="1.0" encoding="UTF-8"?>
<testng-results skipped="0" failed="0" total="1" passed="1">
  <reporter-output>
  </reporter-output>
  <suite name="Default suite" duration-ms="24391" started-at="2016-02-06T19:21:25Z" finished-at="2016-02-06T19:21:49Z">
    <groups>
    </groups>
    <test name="Default test" duration-ms="24391" started-at="2016-02-06T19:21:25Z" finished-at="2016-02-06T19:21:49Z">
      <class name="hb.tests.Login">
        <test-method status="PASS" signature="init()[pri:0, instance:hb.tests.Login@7dc36524]" name="init" is-config="true" duration-ms="21157" started-at="2016-02-07T00:21:25Z" finished-at="2016-02-07T00:21:46Z">
          <reporter-output>
          </reporter-output>
        </test-method> <!-- init -->
        <test-method status="PASS" signature="testUntitled()[pri:0, instance:hb.tests.Login@7dc36524]" name="testUntitled" duration-ms="3193" started-at="2016-02-07T00:21:46Z" finished-at="2016-02-07T00:21:49Z">
          <reporter-output>
          </reporter-output>
        </test-method> <!-- testUntitled -->
        <test-method status="PASS" signature="tearDown()[pri:0, instance:hb.tests.Login@7dc36524]" name="tearDown" is-config="true" duration-ms="1454" started-at="2016-02-07T00:21:49Z" finished-at="2016-02-07T00:21:51Z">
          <reporter-output>
          </reporter-output>
        </test-method> <!-- tearDown -->
      </class> <!-- hb.tests.Login -->
    </test> <!-- Default test -->
  </suite> <!-- Default suite -->
</testng-results>
