<?xml version="1.0" encoding="UTF-8"?>
<!-- Generated by org.testng.reporters.JUnitXMLReporter -->
<testsuite hostname="MSI" name="Test1" tests="4" failures="0" timestamp="19 Feb 2016 15:59:05 GMT" time="38.828" errors="0">
  <testcase name="testLoginAsAdmin" time="18.2" classname="hb.tests.Login"/>
  <testcase name="testFilmAddNegative" time="2.507" classname="hb.tests.Film"/>
  <testcase name="testFilmAddPositive" time="3.931" classname="hb.tests.Film"/>
  <testcase name="testFilmxDelete" time="1.885" classname="hb.tests.Film"/>
</testsuite> <!-- Test1 -->
